{"/Users/romanas/Desktop/hexletjs/hexlet-jest/__tests__/cart/implementations/index.js": {"path":"/Users/romanas/Desktop/hexletjs/hexlet-jest/__tests__/cart/implementations/index.js","statementMap":{"0":{"start":{"line":6,"column":24},"end":{"line":11,"column":1}},"1":{"start":{"line":14,"column":15},"end":{"line":14,"column":55}},"2":{"start":{"line":15,"column":2},"end":{"line":15,"column":31}}},"fnMap":{"0":{"name":"(anonymous_0)","decl":{"start":{"line":13,"column":15},"end":{"line":13,"column":16}},"loc":{"start":{"line":13,"column":21},"end":{"line":16,"column":1}},"line":13}},"branchMap":{"0":{"loc":{"start":{"line":14,"column":15},"end":{"line":14,"column":55}},"type":"binary-expr","locations":[{"start":{"line":14,"column":15},"end":{"line":14,"column":43}},{"start":{"line":14,"column":47},"end":{"line":14,"column":55}}],"line":14}},"s":{"0":1,"1":1,"2":1},"f":{"0":1},"b":{"0":[1,1]},"_coverageSchema":"1a1c01bbd47fc00a2c39e90264f33305004495a9","hash":"4bbadaf8172b091eaf72f2fb5ef716d57a055da0"}
,"/Users/romanas/Desktop/hexletjs/hexlet-jest/__tests__/cart/implementations/right1.js": {"path":"/Users/romanas/Desktop/hexletjs/hexlet-jest/__tests__/cart/implementations/right1.js","statementMap":{"0":{"start":{"line":4,"column":22},"end":{"line":18,"column":1}},"1":{"start":{"line":7,"column":4},"end":{"line":7,"column":40}},"2":{"start":{"line":10,"column":4},"end":{"line":10,"column":22}},"3":{"start":{"line":13,"column":4},"end":{"line":13,"column":51}},"4":{"start":{"line":13,"column":39},"end":{"line":13,"column":49}},"5":{"start":{"line":16,"column":4},"end":{"line":16,"column":72}},"6":{"start":{"line":16,"column":39},"end":{"line":16,"column":70}}},"fnMap":{"0":{"name":"(anonymous_0)","decl":{"start":{"line":4,"column":15},"end":{"line":4,"column":16}},"loc":{"start":{"line":4,"column":22},"end":{"line":18,"column":1}},"line":4},"1":{"name":"(anonymous_1)","decl":{"start":{"line":6,"column":2},"end":{"line":6,"column":3}},"loc":{"start":{"line":6,"column":26},"end":{"line":8,"column":3}},"line":6},"2":{"name":"(anonymous_2)","decl":{"start":{"line":9,"column":2},"end":{"line":9,"column":3}},"loc":{"start":{"line":9,"column":13},"end":{"line":11,"column":3}},"line":9},"3":{"name":"(anonymous_3)","decl":{"start":{"line":12,"column":2},"end":{"line":12,"column":3}},"loc":{"start":{"line":12,"column":13},"end":{"line":14,"column":3}},"line":12},"4":{"name":"(anonymous_4)","decl":{"start":{"line":13,"column":29},"end":{"line":13,"column":30}},"loc":{"start":{"line":13,"column":39},"end":{"line":13,"column":49}},"line":13},"5":{"name":"(anonymous_5)","decl":{"start":{"line":15,"column":2},"end":{"line":15,"column":3}},"loc":{"start":{"line":15,"column":12},"end":{"line":17,"column":3}},"line":15},"6":{"name":"(anonymous_6)","decl":{"start":{"line":16,"column":29},"end":{"line":16,"column":30}},"loc":{"start":{"line":16,"column":39},"end":{"line":16,"column":70}},"line":16}},"branchMap":{},"s":{"0":3,"1":3,"2":2,"3":3,"4":3,"5":3,"6":3},"f":{"0":3,"1":3,"2":2,"3":3,"4":3,"5":3,"6":3},"b":{},"_coverageSchema":"1a1c01bbd47fc00a2c39e90264f33305004495a9","hash":"c11d517579d11e344aacb9b10c187f010f373584"}
,"/Users/romanas/Desktop/hexletjs/hexlet-jest/__tests__/cart/implementations/wrong1.js": {"path":"/Users/romanas/Desktop/hexletjs/hexlet-jest/__tests__/cart/implementations/wrong1.js","statementMap":{"0":{"start":{"line":4,"column":22},"end":{"line":18,"column":1}},"1":{"start":{"line":7,"column":4},"end":{"line":7,"column":40}},"2":{"start":{"line":10,"column":4},"end":{"line":10,"column":22}},"3":{"start":{"line":13,"column":4},"end":{"line":13,"column":51}},"4":{"start":{"line":13,"column":39},"end":{"line":13,"column":49}},"5":{"start":{"line":16,"column":4},"end":{"line":16,"column":59}},"6":{"start":{"line":16,"column":39},"end":{"line":16,"column":57}}},"fnMap":{"0":{"name":"(anonymous_0)","decl":{"start":{"line":4,"column":15},"end":{"line":4,"column":16}},"loc":{"start":{"line":4,"column":22},"end":{"line":18,"column":1}},"line":4},"1":{"name":"(anonymous_1)","decl":{"start":{"line":6,"column":2},"end":{"line":6,"column":3}},"loc":{"start":{"line":6,"column":26},"end":{"line":8,"column":3}},"line":6},"2":{"name":"(anonymous_2)","decl":{"start":{"line":9,"column":2},"end":{"line":9,"column":3}},"loc":{"start":{"line":9,"column":13},"end":{"line":11,"column":3}},"line":9},"3":{"name":"(anonymous_3)","decl":{"start":{"line":12,"column":2},"end":{"line":12,"column":3}},"loc":{"start":{"line":12,"column":13},"end":{"line":14,"column":3}},"line":12},"4":{"name":"(anonymous_4)","decl":{"start":{"line":13,"column":29},"end":{"line":13,"column":30}},"loc":{"start":{"line":13,"column":39},"end":{"line":13,"column":49}},"line":13},"5":{"name":"(anonymous_5)","decl":{"start":{"line":15,"column":2},"end":{"line":15,"column":3}},"loc":{"start":{"line":15,"column":12},"end":{"line":17,"column":3}},"line":15},"6":{"name":"(anonymous_6)","decl":{"start":{"line":16,"column":29},"end":{"line":16,"column":30}},"loc":{"start":{"line":16,"column":39},"end":{"line":16,"column":57}},"line":16}},"branchMap":{},"s":{"0":0,"1":0,"2":0,"3":0,"4":0,"5":0,"6":0},"f":{"0":0,"1":0,"2":0,"3":0,"4":0,"5":0,"6":0},"b":{},"_coverageSchema":"1a1c01bbd47fc00a2c39e90264f33305004495a9","hash":"c65b67423d1d9ee06b2e91c6311d08cf3dbdc8e2"}
,"/Users/romanas/Desktop/hexletjs/hexlet-jest/__tests__/cart/implementations/wrong2.js": {"path":"/Users/romanas/Desktop/hexletjs/hexlet-jest/__tests__/cart/implementations/wrong2.js","statementMap":{"0":{"start":{"line":4,"column":22},"end":{"line":18,"column":1}},"1":{"start":{"line":7,"column":4},"end":{"line":7,"column":38}},"2":{"start":{"line":10,"column":4},"end":{"line":10,"column":22}},"3":{"start":{"line":13,"column":4},"end":{"line":13,"column":51}},"4":{"start":{"line":13,"column":39},"end":{"line":13,"column":49}},"5":{"start":{"line":16,"column":4},"end":{"line":16,"column":72}},"6":{"start":{"line":16,"column":39},"end":{"line":16,"column":70}}},"fnMap":{"0":{"name":"(anonymous_0)","decl":{"start":{"line":4,"column":15},"end":{"line":4,"column":16}},"loc":{"start":{"line":4,"column":22},"end":{"line":18,"column":1}},"line":4},"1":{"name":"(anonymous_1)","decl":{"start":{"line":6,"column":2},"end":{"line":6,"column":3}},"loc":{"start":{"line":6,"column":26},"end":{"line":8,"column":3}},"line":6},"2":{"name":"(anonymous_2)","decl":{"start":{"line":9,"column":2},"end":{"line":9,"column":3}},"loc":{"start":{"line":9,"column":13},"end":{"line":11,"column":3}},"line":9},"3":{"name":"(anonymous_3)","decl":{"start":{"line":12,"column":2},"end":{"line":12,"column":3}},"loc":{"start":{"line":12,"column":13},"end":{"line":14,"column":3}},"line":12},"4":{"name":"(anonymous_4)","decl":{"start":{"line":13,"column":29},"end":{"line":13,"column":30}},"loc":{"start":{"line":13,"column":39},"end":{"line":13,"column":49}},"line":13},"5":{"name":"(anonymous_5)","decl":{"start":{"line":15,"column":2},"end":{"line":15,"column":3}},"loc":{"start":{"line":15,"column":12},"end":{"line":17,"column":3}},"line":15},"6":{"name":"(anonymous_6)","decl":{"start":{"line":16,"column":29},"end":{"line":16,"column":30}},"loc":{"start":{"line":16,"column":39},"end":{"line":16,"column":70}},"line":16}},"branchMap":{},"s":{"0":0,"1":0,"2":0,"3":0,"4":0,"5":0,"6":0},"f":{"0":0,"1":0,"2":0,"3":0,"4":0,"5":0,"6":0},"b":{},"_coverageSchema":"1a1c01bbd47fc00a2c39e90264f33305004495a9","hash":"8d1d00a2c24f54a1689197f328b6c070c5093a08"}
,"/Users/romanas/Desktop/hexletjs/hexlet-jest/__tests__/cart/implementations/wrong3.js": {"path":"/Users/romanas/Desktop/hexletjs/hexlet-jest/__tests__/cart/implementations/wrong3.js","statementMap":{"0":{"start":{"line":4,"column":22},"end":{"line":18,"column":1}},"1":{"start":{"line":7,"column":4},"end":{"line":7,"column":40}},"2":{"start":{"line":10,"column":4},"end":{"line":10,"column":22}},"3":{"start":{"line":13,"column":4},"end":{"line":13,"column":29}},"4":{"start":{"line":16,"column":4},"end":{"line":16,"column":72}},"5":{"start":{"line":16,"column":39},"end":{"line":16,"column":70}}},"fnMap":{"0":{"name":"(anonymous_0)","decl":{"start":{"line":4,"column":15},"end":{"line":4,"column":16}},"loc":{"start":{"line":4,"column":22},"end":{"line":18,"column":1}},"line":4},"1":{"name":"(anonymous_1)","decl":{"start":{"line":6,"column":2},"end":{"line":6,"column":3}},"loc":{"start":{"line":6,"column":26},"end":{"line":8,"column":3}},"line":6},"2":{"name":"(anonymous_2)","decl":{"start":{"line":9,"column":2},"end":{"line":9,"column":3}},"loc":{"start":{"line":9,"column":13},"end":{"line":11,"column":3}},"line":9},"3":{"name":"(anonymous_3)","decl":{"start":{"line":12,"column":2},"end":{"line":12,"column":3}},"loc":{"start":{"line":12,"column":13},"end":{"line":14,"column":3}},"line":12},"4":{"name":"(anonymous_4)","decl":{"start":{"line":15,"column":2},"end":{"line":15,"column":3}},"loc":{"start":{"line":15,"column":12},"end":{"line":17,"column":3}},"line":15},"5":{"name":"(anonymous_5)","decl":{"start":{"line":16,"column":29},"end":{"line":16,"column":30}},"loc":{"start":{"line":16,"column":39},"end":{"line":16,"column":70}},"line":16}},"branchMap":{},"s":{"0":0,"1":0,"2":0,"3":0,"4":0,"5":0},"f":{"0":0,"1":0,"2":0,"3":0,"4":0,"5":0},"b":{},"_coverageSchema":"1a1c01bbd47fc00a2c39e90264f33305004495a9","hash":"39c15e7d44391f15f6124f527054d874d63f1567"}
,"/Users/romanas/Desktop/hexletjs/hexlet-jest/__tests__/days/implementations/getDaysInMonth.js": {"path":"/Users/romanas/Desktop/hexletjs/hexlet-jest/__tests__/days/implementations/getDaysInMonth.js","statementMap":{"0":{"start":{"line":1,"column":19},"end":{"line":4,"column":1}},"1":{"start":{"line":2,"column":17},"end":{"line":2,"column":73}},"2":{"start":{"line":3,"column":2},"end":{"line":3,"column":16}},"3":{"start":{"line":6,"column":24},"end":{"line":6,"column":37}},"4":{"start":{"line":8,"column":23},"end":{"line":26,"column":1}},"5":{"start":{"line":9,"column":2},"end":{"line":11,"column":3}},"6":{"start":{"line":10,"column":4},"end":{"line":10,"column":16}},"7":{"start":{"line":13,"column":2},"end":{"line":19,"column":3}},"8":{"start":{"line":14,"column":4},"end":{"line":16,"column":5}},"9":{"start":{"line":15,"column":6},"end":{"line":15,"column":16}},"10":{"start":{"line":18,"column":4},"end":{"line":18,"column":14}},"11":{"start":{"line":21,"column":2},"end":{"line":23,"column":3}},"12":{"start":{"line":22,"column":4},"end":{"line":22,"column":14}},"13":{"start":{"line":25,"column":2},"end":{"line":25,"column":12}}},"fnMap":{"0":{"name":"(anonymous_0)","decl":{"start":{"line":1,"column":19},"end":{"line":1,"column":20}},"loc":{"start":{"line":1,"column":29},"end":{"line":4,"column":1}},"line":1},"1":{"name":"(anonymous_1)","decl":{"start":{"line":8,"column":23},"end":{"line":8,"column":24}},"loc":{"start":{"line":8,"column":40},"end":{"line":26,"column":1}},"line":8}},"branchMap":{"0":{"loc":{"start":{"line":2,"column":17},"end":{"line":2,"column":73}},"type":"binary-expr","locations":[{"start":{"line":2,"column":17},"end":{"line":2,"column":33}},{"start":{"line":2,"column":38},"end":{"line":2,"column":52}},{"start":{"line":2,"column":56},"end":{"line":2,"column":72}}],"line":2},"1":{"loc":{"start":{"line":9,"column":2},"end":{"line":11,"column":3}},"type":"if","locations":[{"start":{"line":9,"column":2},"end":{"line":11,"column":3}},{"start":{},"end":{}}],"line":9},"2":{"loc":{"start":{"line":9,"column":6},"end":{"line":9,"column":29}},"type":"binary-expr","locations":[{"start":{"line":9,"column":6},"end":{"line":9,"column":15}},{"start":{"line":9,"column":19},"end":{"line":9,"column":29}}],"line":9},"3":{"loc":{"start":{"line":13,"column":2},"end":{"line":19,"column":3}},"type":"if","locations":[{"start":{"line":13,"column":2},"end":{"line":19,"column":3}},{"start":{},"end":{}}],"line":13},"4":{"loc":{"start":{"line":14,"column":4},"end":{"line":16,"column":5}},"type":"if","locations":[{"start":{"line":14,"column":4},"end":{"line":16,"column":5}},{"start":{},"end":{}}],"line":14},"5":{"loc":{"start":{"line":21,"column":2},"end":{"line":23,"column":3}},"type":"if","locations":[{"start":{"line":21,"column":2},"end":{"line":23,"column":3}},{"start":{},"end":{}}],"line":21}},"s":{"0":1,"1":2,"2":2,"3":1,"4":1,"5":7,"6":2,"7":5,"8":2,"9":1,"10":1,"11":3,"12":1,"13":2},"f":{"0":2,"1":7},"b":{"0":[2,2,1],"1":[2,5],"2":[7,6],"3":[2,3],"4":[1,1],"5":[1,2]},"_coverageSchema":"1a1c01bbd47fc00a2c39e90264f33305004495a9","hash":"fea1304c22bd3333796516a3679ab305bff7338c"}
,"/Users/romanas/Desktop/hexletjs/hexlet-jest/__tests__/days/implementations/index.js": {"path":"/Users/romanas/Desktop/hexletjs/hexlet-jest/__tests__/days/implementations/index.js","statementMap":{"0":{"start":{"line":7,"column":24},"end":{"line":13,"column":1}},"1":{"start":{"line":16,"column":15},"end":{"line":16,"column":55}},"2":{"start":{"line":17,"column":2},"end":{"line":17,"column":31}}},"fnMap":{"0":{"name":"(anonymous_0)","decl":{"start":{"line":15,"column":15},"end":{"line":15,"column":16}},"loc":{"start":{"line":15,"column":21},"end":{"line":18,"column":1}},"line":15}},"branchMap":{"0":{"loc":{"start":{"line":16,"column":15},"end":{"line":16,"column":55}},"type":"binary-expr","locations":[{"start":{"line":16,"column":15},"end":{"line":16,"column":43}},{"start":{"line":16,"column":47},"end":{"line":16,"column":55}}],"line":16}},"s":{"0":1,"1":1,"2":1},"f":{"0":1},"b":{"0":[1,1]},"_coverageSchema":"1a1c01bbd47fc00a2c39e90264f33305004495a9","hash":"226fdb17752fa7655778b45b1bcd8fabb92bc224"}
,"/Users/romanas/Desktop/hexletjs/hexlet-jest/__tests__/days/implementations/wrong1.js": {"path":"/Users/romanas/Desktop/hexletjs/hexlet-jest/__tests__/days/implementations/wrong1.js","statementMap":{"0":{"start":{"line":1,"column":19},"end":{"line":4,"column":1}},"1":{"start":{"line":2,"column":17},"end":{"line":2,"column":73}},"2":{"start":{"line":3,"column":2},"end":{"line":3,"column":16}},"3":{"start":{"line":6,"column":24},"end":{"line":6,"column":37}},"4":{"start":{"line":8,"column":23},"end":{"line":22,"column":1}},"5":{"start":{"line":9,"column":2},"end":{"line":15,"column":3}},"6":{"start":{"line":10,"column":4},"end":{"line":12,"column":5}},"7":{"start":{"line":11,"column":6},"end":{"line":11,"column":16}},"8":{"start":{"line":14,"column":4},"end":{"line":14,"column":14}},"9":{"start":{"line":17,"column":2},"end":{"line":19,"column":3}},"10":{"start":{"line":18,"column":4},"end":{"line":18,"column":14}},"11":{"start":{"line":21,"column":2},"end":{"line":21,"column":12}}},"fnMap":{"0":{"name":"(anonymous_0)","decl":{"start":{"line":1,"column":19},"end":{"line":1,"column":20}},"loc":{"start":{"line":1,"column":29},"end":{"line":4,"column":1}},"line":1},"1":{"name":"(anonymous_1)","decl":{"start":{"line":8,"column":23},"end":{"line":8,"column":24}},"loc":{"start":{"line":8,"column":40},"end":{"line":22,"column":1}},"line":8}},"branchMap":{"0":{"loc":{"start":{"line":2,"column":17},"end":{"line":2,"column":73}},"type":"binary-expr","locations":[{"start":{"line":2,"column":17},"end":{"line":2,"column":33}},{"start":{"line":2,"column":38},"end":{"line":2,"column":52}},{"start":{"line":2,"column":56},"end":{"line":2,"column":72}}],"line":2},"1":{"loc":{"start":{"line":9,"column":2},"end":{"line":15,"column":3}},"type":"if","locations":[{"start":{"line":9,"column":2},"end":{"line":15,"column":3}},{"start":{},"end":{}}],"line":9},"2":{"loc":{"start":{"line":10,"column":4},"end":{"line":12,"column":5}},"type":"if","locations":[{"start":{"line":10,"column":4},"end":{"line":12,"column":5}},{"start":{},"end":{}}],"line":10},"3":{"loc":{"start":{"line":17,"column":2},"end":{"line":19,"column":3}},"type":"if","locations":[{"start":{"line":17,"column":2},"end":{"line":19,"column":3}},{"start":{},"end":{}}],"line":17}},"s":{"0":1,"1":0,"2":0,"3":1,"4":1,"5":0,"6":0,"7":0,"8":0,"9":0,"10":0,"11":0},"f":{"0":0,"1":0},"b":{"0":[0,0,0],"1":[0,0],"2":[0,0],"3":[0,0]},"_coverageSchema":"1a1c01bbd47fc00a2c39e90264f33305004495a9","hash":"8b49684e43893804d12b9dcb56f59f47565bbe2b"}
,"/Users/romanas/Desktop/hexletjs/hexlet-jest/__tests__/days/implementations/wrong2.js": {"path":"/Users/romanas/Desktop/hexletjs/hexlet-jest/__tests__/days/implementations/wrong2.js","statementMap":{"0":{"start":{"line":1,"column":24},"end":{"line":1,"column":37}},"1":{"start":{"line":3,"column":23},"end":{"line":17,"column":1}},"2":{"start":{"line":4,"column":2},"end":{"line":6,"column":3}},"3":{"start":{"line":5,"column":4},"end":{"line":5,"column":16}},"4":{"start":{"line":8,"column":2},"end":{"line":10,"column":3}},"5":{"start":{"line":9,"column":4},"end":{"line":9,"column":14}},"6":{"start":{"line":12,"column":2},"end":{"line":14,"column":3}},"7":{"start":{"line":13,"column":4},"end":{"line":13,"column":14}},"8":{"start":{"line":16,"column":2},"end":{"line":16,"column":12}}},"fnMap":{"0":{"name":"(anonymous_0)","decl":{"start":{"line":3,"column":23},"end":{"line":3,"column":24}},"loc":{"start":{"line":3,"column":34},"end":{"line":17,"column":1}},"line":3}},"branchMap":{"0":{"loc":{"start":{"line":4,"column":2},"end":{"line":6,"column":3}},"type":"if","locations":[{"start":{"line":4,"column":2},"end":{"line":6,"column":3}},{"start":{},"end":{}}],"line":4},"1":{"loc":{"start":{"line":4,"column":6},"end":{"line":4,"column":29}},"type":"binary-expr","locations":[{"start":{"line":4,"column":6},"end":{"line":4,"column":15}},{"start":{"line":4,"column":19},"end":{"line":4,"column":29}}],"line":4},"2":{"loc":{"start":{"line":8,"column":2},"end":{"line":10,"column":3}},"type":"if","locations":[{"start":{"line":8,"column":2},"end":{"line":10,"column":3}},{"start":{},"end":{}}],"line":8},"3":{"loc":{"start":{"line":12,"column":2},"end":{"line":14,"column":3}},"type":"if","locations":[{"start":{"line":12,"column":2},"end":{"line":14,"column":3}},{"start":{},"end":{}}],"line":12}},"s":{"0":1,"1":1,"2":0,"3":0,"4":0,"5":0,"6":0,"7":0,"8":0},"f":{"0":0},"b":{"0":[0,0],"1":[0,0],"2":[0,0],"3":[0,0]},"_coverageSchema":"1a1c01bbd47fc00a2c39e90264f33305004495a9","hash":"6f487d20d014a365ceb72a0b737bc037a5bf6fa1"}
,"/Users/romanas/Desktop/hexletjs/hexlet-jest/__tests__/days/implementations/wrong3.js": {"path":"/Users/romanas/Desktop/hexletjs/hexlet-jest/__tests__/days/implementations/wrong3.js","statementMap":{"0":{"start":{"line":1,"column":19},"end":{"line":4,"column":1}},"1":{"start":{"line":2,"column":17},"end":{"line":2,"column":73}},"2":{"start":{"line":3,"column":2},"end":{"line":3,"column":16}},"3":{"start":{"line":6,"column":24},"end":{"line":6,"column":37}},"4":{"start":{"line":8,"column":23},"end":{"line":26,"column":1}},"5":{"start":{"line":9,"column":2},"end":{"line":11,"column":3}},"6":{"start":{"line":10,"column":4},"end":{"line":10,"column":16}},"7":{"start":{"line":13,"column":2},"end":{"line":19,"column":3}},"8":{"start":{"line":14,"column":4},"end":{"line":16,"column":5}},"9":{"start":{"line":15,"column":6},"end":{"line":15,"column":16}},"10":{"start":{"line":18,"column":4},"end":{"line":18,"column":14}},"11":{"start":{"line":21,"column":2},"end":{"line":23,"column":3}},"12":{"start":{"line":22,"column":4},"end":{"line":22,"column":14}},"13":{"start":{"line":25,"column":2},"end":{"line":25,"column":12}}},"fnMap":{"0":{"name":"(anonymous_0)","decl":{"start":{"line":1,"column":19},"end":{"line":1,"column":20}},"loc":{"start":{"line":1,"column":29},"end":{"line":4,"column":1}},"line":1},"1":{"name":"(anonymous_1)","decl":{"start":{"line":8,"column":23},"end":{"line":8,"column":24}},"loc":{"start":{"line":8,"column":40},"end":{"line":26,"column":1}},"line":8}},"branchMap":{"0":{"loc":{"start":{"line":2,"column":17},"end":{"line":2,"column":73}},"type":"binary-expr","locations":[{"start":{"line":2,"column":17},"end":{"line":2,"column":33}},{"start":{"line":2,"column":38},"end":{"line":2,"column":52}},{"start":{"line":2,"column":56},"end":{"line":2,"column":72}}],"line":2},"1":{"loc":{"start":{"line":9,"column":2},"end":{"line":11,"column":3}},"type":"if","locations":[{"start":{"line":9,"column":2},"end":{"line":11,"column":3}},{"start":{},"end":{}}],"line":9},"2":{"loc":{"start":{"line":9,"column":6},"end":{"line":9,"column":29}},"type":"binary-expr","locations":[{"start":{"line":9,"column":6},"end":{"line":9,"column":15}},{"start":{"line":9,"column":19},"end":{"line":9,"column":29}}],"line":9},"3":{"loc":{"start":{"line":13,"column":2},"end":{"line":19,"column":3}},"type":"if","locations":[{"start":{"line":13,"column":2},"end":{"line":19,"column":3}},{"start":{},"end":{}}],"line":13},"4":{"loc":{"start":{"line":14,"column":4},"end":{"line":16,"column":5}},"type":"if","locations":[{"start":{"line":14,"column":4},"end":{"line":16,"column":5}},{"start":{},"end":{}}],"line":14},"5":{"loc":{"start":{"line":21,"column":2},"end":{"line":23,"column":3}},"type":"if","locations":[{"start":{"line":21,"column":2},"end":{"line":23,"column":3}},{"start":{},"end":{}}],"line":21}},"s":{"0":1,"1":0,"2":0,"3":1,"4":1,"5":0,"6":0,"7":0,"8":0,"9":0,"10":0,"11":0,"12":0,"13":0},"f":{"0":0,"1":0},"b":{"0":[0,0,0],"1":[0,0],"2":[0,0],"3":[0,0],"4":[0,0],"5":[0,0]},"_coverageSchema":"1a1c01bbd47fc00a2c39e90264f33305004495a9","hash":"fcd6892cc699aeffd6bf80b0398e7abdb82a2917"}
,"/Users/romanas/Desktop/hexletjs/hexlet-jest/__tests__/days/implementations/wrong4.js": {"path":"/Users/romanas/Desktop/hexletjs/hexlet-jest/__tests__/days/implementations/wrong4.js","statementMap":{"0":{"start":{"line":1,"column":19},"end":{"line":4,"column":1}},"1":{"start":{"line":2,"column":17},"end":{"line":2,"column":73}},"2":{"start":{"line":3,"column":2},"end":{"line":3,"column":16}},"3":{"start":{"line":6,"column":24},"end":{"line":6,"column":37}},"4":{"start":{"line":8,"column":23},"end":{"line":30,"column":1}},"5":{"start":{"line":9,"column":2},"end":{"line":11,"column":3}},"6":{"start":{"line":10,"column":4},"end":{"line":10,"column":16}},"7":{"start":{"line":13,"column":2},"end":{"line":19,"column":3}},"8":{"start":{"line":14,"column":4},"end":{"line":16,"column":5}},"9":{"start":{"line":15,"column":6},"end":{"line":15,"column":16}},"10":{"start":{"line":18,"column":4},"end":{"line":18,"column":14}},"11":{"start":{"line":21,"column":2},"end":{"line":23,"column":3}},"12":{"start":{"line":22,"column":4},"end":{"line":22,"column":14}},"13":{"start":{"line":25,"column":2},"end":{"line":27,"column":3}},"14":{"start":{"line":26,"column":4},"end":{"line":26,"column":14}},"15":{"start":{"line":29,"column":2},"end":{"line":29,"column":12}}},"fnMap":{"0":{"name":"(anonymous_0)","decl":{"start":{"line":1,"column":19},"end":{"line":1,"column":20}},"loc":{"start":{"line":1,"column":29},"end":{"line":4,"column":1}},"line":1},"1":{"name":"(anonymous_1)","decl":{"start":{"line":8,"column":23},"end":{"line":8,"column":24}},"loc":{"start":{"line":8,"column":40},"end":{"line":30,"column":1}},"line":8}},"branchMap":{"0":{"loc":{"start":{"line":2,"column":17},"end":{"line":2,"column":73}},"type":"binary-expr","locations":[{"start":{"line":2,"column":17},"end":{"line":2,"column":33}},{"start":{"line":2,"column":38},"end":{"line":2,"column":52}},{"start":{"line":2,"column":56},"end":{"line":2,"column":72}}],"line":2},"1":{"loc":{"start":{"line":9,"column":2},"end":{"line":11,"column":3}},"type":"if","locations":[{"start":{"line":9,"column":2},"end":{"line":11,"column":3}},{"start":{},"end":{}}],"line":9},"2":{"loc":{"start":{"line":9,"column":6},"end":{"line":9,"column":29}},"type":"binary-expr","locations":[{"start":{"line":9,"column":6},"end":{"line":9,"column":15}},{"start":{"line":9,"column":19},"end":{"line":9,"column":29}}],"line":9},"3":{"loc":{"start":{"line":13,"column":2},"end":{"line":19,"column":3}},"type":"if","locations":[{"start":{"line":13,"column":2},"end":{"line":19,"column":3}},{"start":{},"end":{}}],"line":13},"4":{"loc":{"start":{"line":14,"column":4},"end":{"line":16,"column":5}},"type":"if","locations":[{"start":{"line":14,"column":4},"end":{"line":16,"column":5}},{"start":{},"end":{}}],"line":14},"5":{"loc":{"start":{"line":21,"column":2},"end":{"line":23,"column":3}},"type":"if","locations":[{"start":{"line":21,"column":2},"end":{"line":23,"column":3}},{"start":{},"end":{}}],"line":21},"6":{"loc":{"start":{"line":25,"column":2},"end":{"line":27,"column":3}},"type":"if","locations":[{"start":{"line":25,"column":2},"end":{"line":27,"column":3}},{"start":{},"end":{}}],"line":25}},"s":{"0":1,"1":0,"2":0,"3":1,"4":1,"5":0,"6":0,"7":0,"8":0,"9":0,"10":0,"11":0,"12":0,"13":0,"14":0,"15":0},"f":{"0":0,"1":0},"b":{"0":[0,0,0],"1":[0,0],"2":[0,0],"3":[0,0],"4":[0,0],"5":[0,0],"6":[0,0]},"_coverageSchema":"1a1c01bbd47fc00a2c39e90264f33305004495a9","hash":"8bde6b5d68679563ac218330c519a9affaadf80c"}
,"/Users/romanas/Desktop/hexletjs/hexlet-jest/__tests__/gt/functions.js": {"path":"/Users/romanas/Desktop/hexletjs/hexlet-jest/__tests__/gt/functions.js","statementMap":{"0":{"start":{"line":4,"column":18},"end":{"line":9,"column":1}},"1":{"start":{"line":7,"column":20},"end":{"line":7,"column":27}},"2":{"start":{"line":8,"column":16},"end":{"line":8,"column":21}},"3":{"start":{"line":12,"column":15},"end":{"line":12,"column":54}},"4":{"start":{"line":13,"column":2},"end":{"line":13,"column":25}}},"fnMap":{"0":{"name":"(anonymous_0)","decl":{"start":{"line":7,"column":10},"end":{"line":7,"column":11}},"loc":{"start":{"line":7,"column":20},"end":{"line":7,"column":27}},"line":7},"1":{"name":"(anonymous_1)","decl":{"start":{"line":8,"column":10},"end":{"line":8,"column":11}},"loc":{"start":{"line":8,"column":16},"end":{"line":8,"column":21}},"line":8},"2":{"name":"(anonymous_2)","decl":{"start":{"line":11,"column":15},"end":{"line":11,"column":16}},"loc":{"start":{"line":11,"column":21},"end":{"line":14,"column":1}},"line":11}},"branchMap":{"0":{"loc":{"start":{"line":12,"column":15},"end":{"line":12,"column":54}},"type":"binary-expr","locations":[{"start":{"line":12,"column":15},"end":{"line":12,"column":43}},{"start":{"line":12,"column":47},"end":{"line":12,"column":54}}],"line":12}},"s":{"0":1,"1":0,"2":0,"3":1,"4":1},"f":{"0":0,"1":0,"2":1},"b":{"0":[1,1]},"_coverageSchema":"1a1c01bbd47fc00a2c39e90264f33305004495a9","hash":"f98b4ef1880ed618d3510b4b2548d7019d6621cb"}
,"/Users/romanas/Desktop/hexletjs/hexlet-jest/__tests__/set/functions.js": {"path":"/Users/romanas/Desktop/hexletjs/hexlet-jest/__tests__/set/functions.js","statementMap":{"0":{"start":{"line":3,"column":18},"end":{"line":20,"column":1}},"1":{"start":{"line":6,"column":4},"end":{"line":6,"column":26}},"2":{"start":{"line":7,"column":4},"end":{"line":7,"column":22}},"3":{"start":{"line":8,"column":4},"end":{"line":8,"column":15}},"4":{"start":{"line":11,"column":4},"end":{"line":11,"column":22}},"5":{"start":{"line":12,"column":4},"end":{"line":12,"column":15}},"6":{"start":{"line":15,"column":4},"end":{"line":17,"column":5}},"7":{"start":{"line":16,"column":6},"end":{"line":16,"column":28}},"8":{"start":{"line":18,"column":4},"end":{"line":18,"column":15}},"9":{"start":{"line":23,"column":15},"end":{"line":23,"column":55}},"10":{"start":{"line":24,"column":2},"end":{"line":24,"column":25}}},"fnMap":{"0":{"name":"(anonymous_0)","decl":{"start":{"line":5,"column":10},"end":{"line":5,"column":11}},"loc":{"start":{"line":5,"column":32},"end":{"line":9,"column":3}},"line":5},"1":{"name":"(anonymous_1)","decl":{"start":{"line":10,"column":10},"end":{"line":10,"column":11}},"loc":{"start":{"line":10,"column":32},"end":{"line":13,"column":3}},"line":10},"2":{"name":"(anonymous_2)","decl":{"start":{"line":14,"column":10},"end":{"line":14,"column":11}},"loc":{"start":{"line":14,"column":32},"end":{"line":19,"column":3}},"line":14},"3":{"name":"(anonymous_3)","decl":{"start":{"line":22,"column":15},"end":{"line":22,"column":16}},"loc":{"start":{"line":22,"column":21},"end":{"line":25,"column":1}},"line":22}},"branchMap":{"0":{"loc":{"start":{"line":15,"column":4},"end":{"line":17,"column":5}},"type":"if","locations":[{"start":{"line":15,"column":4},"end":{"line":17,"column":5}},{"start":{},"end":{}}],"line":15},"1":{"loc":{"start":{"line":23,"column":15},"end":{"line":23,"column":55}},"type":"binary-expr","locations":[{"start":{"line":23,"column":15},"end":{"line":23,"column":43}},{"start":{"line":23,"column":47},"end":{"line":23,"column":55}}],"line":23}},"s":{"0":1,"1":0,"2":0,"3":0,"4":0,"5":0,"6":0,"7":0,"8":0,"9":1,"10":1},"f":{"0":0,"1":0,"2":0,"3":1},"b":{"0":[0,0],"1":[1,1]},"_coverageSchema":"1a1c01bbd47fc00a2c39e90264f33305004495a9","hash":"b6b628b474f30722d94996e7a4a61fb10adb15ec"}
,"/Users/romanas/Desktop/hexletjs/hexlet-jest/__tests__/validator/implementations/index.js": {"path":"/Users/romanas/Desktop/hexletjs/hexlet-jest/__tests__/validator/implementations/index.js","statementMap":{"0":{"start":{"line":6,"column":24},"end":{"line":11,"column":1}},"1":{"start":{"line":14,"column":15},"end":{"line":14,"column":55}},"2":{"start":{"line":15,"column":2},"end":{"line":15,"column":31}}},"fnMap":{"0":{"name":"(anonymous_0)","decl":{"start":{"line":13,"column":15},"end":{"line":13,"column":16}},"loc":{"start":{"line":13,"column":21},"end":{"line":16,"column":1}},"line":13}},"branchMap":{"0":{"loc":{"start":{"line":14,"column":15},"end":{"line":14,"column":55}},"type":"binary-expr","locations":[{"start":{"line":14,"column":15},"end":{"line":14,"column":43}},{"start":{"line":14,"column":47},"end":{"line":14,"column":55}}],"line":14}},"s":{"0":1,"1":1,"2":1},"f":{"0":1},"b":{"0":[1,1]},"_coverageSchema":"1a1c01bbd47fc00a2c39e90264f33305004495a9","hash":"89a2277d1003bb6027bbccf9cf6f99d5d5a3ee88"}
,"/Users/romanas/Desktop/hexletjs/hexlet-jest/__tests__/validator/implementations/right1.js": {"path":"/Users/romanas/Desktop/hexletjs/hexlet-jest/__tests__/validator/implementations/right1.js","statementMap":{"0":{"start":{"line":2,"column":17},"end":{"line":2,"column":19}},"1":{"start":{"line":3,"column":2},"end":{"line":6,"column":4}},"2":{"start":{"line":4,"column":22},"end":{"line":4,"column":37}},"3":{"start":{"line":5,"column":23},"end":{"line":5,"column":53}},"4":{"start":{"line":5,"column":44},"end":{"line":5,"column":52}}},"fnMap":{"0":{"name":"(anonymous_0)","decl":{"start":{"line":1,"column":15},"end":{"line":1,"column":16}},"loc":{"start":{"line":1,"column":21},"end":{"line":7,"column":1}},"line":1},"1":{"name":"(anonymous_1)","decl":{"start":{"line":4,"column":14},"end":{"line":4,"column":15}},"loc":{"start":{"line":4,"column":22},"end":{"line":4,"column":37}},"line":4},"2":{"name":"(anonymous_2)","decl":{"start":{"line":5,"column":13},"end":{"line":5,"column":14}},"loc":{"start":{"line":5,"column":23},"end":{"line":5,"column":53}},"line":5},"3":{"name":"(anonymous_3)","decl":{"start":{"line":5,"column":36},"end":{"line":5,"column":37}},"loc":{"start":{"line":5,"column":44},"end":{"line":5,"column":52}},"line":5}},"branchMap":{},"s":{"0":2,"1":2,"2":2,"3":6,"4":7},"f":{"0":2,"1":2,"2":6,"3":7},"b":{},"_coverageSchema":"1a1c01bbd47fc00a2c39e90264f33305004495a9","hash":"94b6941dfcec36343656e11a720018283c041c9e"}
,"/Users/romanas/Desktop/hexletjs/hexlet-jest/__tests__/validator/implementations/wrong1.js": {"path":"/Users/romanas/Desktop/hexletjs/hexlet-jest/__tests__/validator/implementations/wrong1.js","statementMap":{"0":{"start":{"line":1,"column":15},"end":{"line":1,"column":17}},"1":{"start":{"line":3,"column":22},"end":{"line":6,"column":1}},"2":{"start":{"line":4,"column":20},"end":{"line":4,"column":35}},"3":{"start":{"line":5,"column":17},"end":{"line":5,"column":22}}},"fnMap":{"0":{"name":"(anonymous_0)","decl":{"start":{"line":3,"column":15},"end":{"line":3,"column":16}},"loc":{"start":{"line":3,"column":22},"end":{"line":6,"column":1}},"line":3},"1":{"name":"(anonymous_1)","decl":{"start":{"line":4,"column":12},"end":{"line":4,"column":13}},"loc":{"start":{"line":4,"column":20},"end":{"line":4,"column":35}},"line":4},"2":{"name":"(anonymous_2)","decl":{"start":{"line":5,"column":11},"end":{"line":5,"column":12}},"loc":{"start":{"line":5,"column":17},"end":{"line":5,"column":22}},"line":5}},"branchMap":{},"s":{"0":1,"1":0,"2":0,"3":0},"f":{"0":0,"1":0,"2":0},"b":{},"_coverageSchema":"1a1c01bbd47fc00a2c39e90264f33305004495a9","hash":"de03a9f8a1e7e1011bd9f5a5b0f9c2a60cd7d0b8"}
,"/Users/romanas/Desktop/hexletjs/hexlet-jest/__tests__/validator/implementations/wrong2.js": {"path":"/Users/romanas/Desktop/hexletjs/hexlet-jest/__tests__/validator/implementations/wrong2.js","statementMap":{"0":{"start":{"line":1,"column":15},"end":{"line":1,"column":17}},"1":{"start":{"line":3,"column":22},"end":{"line":6,"column":1}},"2":{"start":{"line":4,"column":20},"end":{"line":4,"column":35}},"3":{"start":{"line":5,"column":21},"end":{"line":5,"column":51}},"4":{"start":{"line":5,"column":42},"end":{"line":5,"column":50}}},"fnMap":{"0":{"name":"(anonymous_0)","decl":{"start":{"line":3,"column":15},"end":{"line":3,"column":16}},"loc":{"start":{"line":3,"column":22},"end":{"line":6,"column":1}},"line":3},"1":{"name":"(anonymous_1)","decl":{"start":{"line":4,"column":12},"end":{"line":4,"column":13}},"loc":{"start":{"line":4,"column":20},"end":{"line":4,"column":35}},"line":4},"2":{"name":"(anonymous_2)","decl":{"start":{"line":5,"column":11},"end":{"line":5,"column":12}},"loc":{"start":{"line":5,"column":21},"end":{"line":5,"column":51}},"line":5},"3":{"name":"(anonymous_3)","decl":{"start":{"line":5,"column":34},"end":{"line":5,"column":35}},"loc":{"start":{"line":5,"column":42},"end":{"line":5,"column":50}},"line":5}},"branchMap":{},"s":{"0":1,"1":0,"2":0,"3":0,"4":0},"f":{"0":0,"1":0,"2":0,"3":0},"b":{},"_coverageSchema":"1a1c01bbd47fc00a2c39e90264f33305004495a9","hash":"7c06734fffb15cdf94515f3006e7c99426d988c4"}
,"/Users/romanas/Desktop/hexletjs/hexlet-jest/__tests__/validator/implementations/wrong3.js": {"path":"/Users/romanas/Desktop/hexletjs/hexlet-jest/__tests__/validator/implementations/wrong3.js","statementMap":{"0":{"start":{"line":1,"column":15},"end":{"line":1,"column":17}},"1":{"start":{"line":3,"column":22},"end":{"line":6,"column":1}},"2":{"start":{"line":4,"column":20},"end":{"line":4,"column":35}},"3":{"start":{"line":5,"column":17},"end":{"line":5,"column":21}}},"fnMap":{"0":{"name":"(anonymous_0)","decl":{"start":{"line":3,"column":15},"end":{"line":3,"column":16}},"loc":{"start":{"line":3,"column":22},"end":{"line":6,"column":1}},"line":3},"1":{"name":"(anonymous_1)","decl":{"start":{"line":4,"column":12},"end":{"line":4,"column":13}},"loc":{"start":{"line":4,"column":20},"end":{"line":4,"column":35}},"line":4},"2":{"name":"(anonymous_2)","decl":{"start":{"line":5,"column":11},"end":{"line":5,"column":12}},"loc":{"start":{"line":5,"column":17},"end":{"line":5,"column":21}},"line":5}},"branchMap":{},"s":{"0":1,"1":0,"2":0,"3":0},"f":{"0":0,"1":0,"2":0},"b":{},"_coverageSchema":"1a1c01bbd47fc00a2c39e90264f33305004495a9","hash":"9e97b52c58d2fa11ba5533c05a6bb53d128e08e3"}
,"/Users/romanas/Desktop/hexletjs/hexlet-jest/__tests__/without/functions.js": {"path":"/Users/romanas/Desktop/hexletjs/hexlet-jest/__tests__/without/functions.js","statementMap":{"0":{"start":{"line":4,"column":18},"end":{"line":23,"column":1}},"1":{"start":{"line":7,"column":21},"end":{"line":15,"column":5}},"2":{"start":{"line":9,"column":24},"end":{"line":9,"column":58}},"3":{"start":{"line":9,"column":45},"end":{"line":9,"column":57}},"4":{"start":{"line":11,"column":10},"end":{"line":11,"column":73}},"5":{"start":{"line":12,"column":8},"end":{"line":12,"column":35}},"6":{"start":{"line":17,"column":4},"end":{"line":17,"column":18}},"7":{"start":{"line":20,"column":19},"end":{"line":20,"column":62}},"8":{"start":{"line":20,"column":40},"end":{"line":20,"column":61}},"9":{"start":{"line":21,"column":4},"end":{"line":21,"column":47}},"10":{"start":{"line":26,"column":15},"end":{"line":26,"column":55}},"11":{"start":{"line":27,"column":2},"end":{"line":27,"column":25}}},"fnMap":{"0":{"name":"(anonymous_0)","decl":{"start":{"line":6,"column":10},"end":{"line":6,"column":11}},"loc":{"start":{"line":6,"column":36},"end":{"line":18,"column":3}},"line":6},"1":{"name":"(anonymous_1)","decl":{"start":{"line":8,"column":6},"end":{"line":8,"column":7}},"loc":{"start":{"line":8,"column":34},"end":{"line":13,"column":7}},"line":8},"2":{"name":"(anonymous_2)","decl":{"start":{"line":9,"column":36},"end":{"line":9,"column":37}},"loc":{"start":{"line":9,"column":45},"end":{"line":9,"column":57}},"line":9},"3":{"name":"(anonymous_3)","decl":{"start":{"line":19,"column":10},"end":{"line":19,"column":11}},"loc":{"start":{"line":19,"column":36},"end":{"line":22,"column":3}},"line":19},"4":{"name":"(anonymous_4)","decl":{"start":{"line":20,"column":31},"end":{"line":20,"column":32}},"loc":{"start":{"line":20,"column":40},"end":{"line":20,"column":61}},"line":20},"5":{"name":"(anonymous_5)","decl":{"start":{"line":25,"column":15},"end":{"line":25,"column":16}},"loc":{"start":{"line":25,"column":21},"end":{"line":28,"column":1}},"line":25}},"branchMap":{"0":{"loc":{"start":{"line":6,"column":11},"end":{"line":6,"column":20}},"type":"default-arg","locations":[{"start":{"line":6,"column":18},"end":{"line":6,"column":20}}],"line":6},"1":{"loc":{"start":{"line":11,"column":10},"end":{"line":11,"column":73}},"type":"cond-expr","locations":[{"start":{"line":11,"column":43},"end":{"line":11,"column":62}},{"start":{"line":11,"column":65},"end":{"line":11,"column":73}}],"line":11},"2":{"loc":{"start":{"line":19,"column":11},"end":{"line":19,"column":20}},"type":"default-arg","locations":[{"start":{"line":19,"column":18},"end":{"line":19,"column":20}}],"line":19},"3":{"loc":{"start":{"line":21,"column":11},"end":{"line":21,"column":46}},"type":"cond-expr","locations":[{"start":{"line":21,"column":33},"end":{"line":21,"column":37}},{"start":{"line":21,"column":40},"end":{"line":21,"column":46}}],"line":21},"4":{"loc":{"start":{"line":26,"column":15},"end":{"line":26,"column":55}},"type":"binary-expr","locations":[{"start":{"line":26,"column":15},"end":{"line":26,"column":43}},{"start":{"line":26,"column":47},"end":{"line":26,"column":55}}],"line":26}},"s":{"0":1,"1":0,"2":0,"3":0,"4":0,"5":0,"6":0,"7":0,"8":0,"9":0,"10":1,"11":1},"f":{"0":0,"1":0,"2":0,"3":0,"4":0,"5":1},"b":{"0":[0],"1":[0,0],"2":[0],"3":[0,0],"4":[1,1]},"_coverageSchema":"1a1c01bbd47fc00a2c39e90264f33305004495a9","hash":"1813370ac8c9f4f5b0b8f8bac127f78cadc63642"}
,"/Users/romanas/Desktop/hexletjs/hexlet-jest/src/index.js": {"path":"/Users/romanas/Desktop/hexletjs/hexlet-jest/src/index.js","statementMap":{"0":{"start":{"line":1,"column":24},"end":{"line":1,"column":56}}},"fnMap":{"0":{"name":"(anonymous_0)","decl":{"start":{"line":1,"column":15},"end":{"line":1,"column":16}},"loc":{"start":{"line":1,"column":24},"end":{"line":1,"column":56}},"line":1}},"branchMap":{},"s":{"0":2},"f":{"0":2},"b":{},"_coverageSchema":"1a1c01bbd47fc00a2c39e90264f33305004495a9","hash":"a2b8fe3e10c1eac157d62658d6437108338c6c6f"}
}
